
**** Build of configuration Debug for project cpe325_lab1 ****

"C:\\ti\\ccs1240\\ccs\\utils\\bin\\gmake" -k -j 16 all -O 
 
Building target: "cpe325_lab1.out"
Invoking: MSP430 Linker
"C:/ti/ccs1240/ccs/tools/compiler/ti-cgt-msp430_21.6.1.LTS/bin/cl430" -vmsp --data_model=small -Ooff --use_hw_mpy=F5 --advice:power=all --define=__MSP430F5529__ -g --printf_support=full --diag_warning=225 --diag_wrap=off --display_error_number --silicon_errata=CPU21 --silicon_errata=CPU22 --silicon_errata=CPU23 --silicon_errata=CPU40 --asm_listing -z -m"cpe325_lab1.map" --heap_size=300 --stack_size=160 --cinit_hold_wdt=on -i"C:/ti/ccs1240/ccs/ccs_base/msp430/include" -i"C:/ti/ccs1240/ccs/ccs_base/msp430/lib/5xx_6xx_FRxx" -i"C:/ti/ccs1240/ccs/tools/compiler/ti-cgt-msp430_21.6.1.LTS/lib" -i"C:/ti/ccs1240/ccs/tools/compiler/ti-cgt-msp430_21.6.1.LTS/include" --reread_libs --diag_wrap=off --display_error_number --warn_sections --xml_link_info="cpe325_lab1_linkInfo.xml" --use_hw_mpy=F5 --rom_model -o "cpe325_lab1.out" "./Lab01_P2.obj" "./lab1.obj" "../lnk_msp430f5529.cmd"  -llibmath.a -llibc.a 
<Linking>
warning #10204-D: could not resolve index library "libmath.a" to a compatible library
error #10056: symbol "main" redefined: first defined in "./Lab01_P2.obj"; redefined in "./lab1.obj"
remark #10371-D: (ULP 1.1) Detected no uses of low power mode state changing instructions
error #10010: errors encountered during linking; "cpe325_lab1.out" not built
remark #10372-D: (ULP 4.1) Detected uninitialized Port A in this project. Recommend initializing all unused ports to eliminate wasted current consumption on unused pins.
remark #10372-D: (ULP 4.1) Detected uninitialized Port B in this project. Recommend initializing all unused ports to eliminate wasted current consumption on unused pins.
remark #10372-D: (ULP 4.1) Detected uninitialized Port C in this project. Recommend initializing all unused ports to eliminate wasted current consumption on unused pins.
remark #10372-D: (ULP 4.1) Detected uninitialized Port D in this project. Recommend initializing all unused ports to eliminate wasted current consumption on unused pins.
 
>> Compilation failure
makefile:137: recipe for target 'cpe325_lab1.out' failed
gmake[1]: *** [cpe325_lab1.out] Error 1
makefile:133: recipe for target 'all' failed
gmake: *** [all] Error 2

**** Build Finished ****
