
**** Build of configuration Debug for project lab1_pt2 ****

"C:\\ti\\ccs1240\\ccs\\utils\\bin\\gmake" -k -j 16 all -O 
 
Building file: "../Lab01_P2.c"
Invoking: MSP430 Compiler
"C:/ti/ccs1240/ccs/tools/compiler/ti-cgt-msp430_21.6.1.LTS/bin/cl430" -vmsp --data_model=small -Ooff --use_hw_mpy=F5 --include_path="C:/ti/ccs1240/ccs/ccs_base/msp430/include" --include_path="C:/Users/npoli/Documents/nerd code/C - Embedded Lab/lab1_pt2" --include_path="C:/ti/ccs1240/ccs/tools/compiler/ti-cgt-msp430_21.6.1.LTS/include" --advice:power=all --define=__MSP430F5529__ -g --printf_support=full --diag_warning=225 --diag_wrap=off --display_error_number --silicon_errata=CPU21 --silicon_errata=CPU22 --silicon_errata=CPU23 --silicon_errata=CPU40 --asm_listing --preproc_with_compile --preproc_dependency="Lab01_P2.d_raw"  "../Lab01_P2.c"
"../Lab01_P2.c", line 64: remark #1530-D: (ULP 5.1) Detected modulo operation(s). Recommend moving them to RAM during run time or not using as these are processing/power intensive
"../Lab01_P2.c", line 77: remark #2553-D: (ULP 14.1) Array index (involving "output_factor_num") of type "int". Recommend using "unsigned int"
"../Lab01_P2.c", line 79: remark #1530-D: (ULP 5.1) Detected divide operation(s). Recommend moving them to RAM during run time or not using as these are processing/power intensive
"../Lab01_P2.c", line 109: warning #183-D: argument is incompatible with corresponding format string conversion
"../Lab01_P2.c", line 109: remark #1532-D: (ULP 5.3) Detected printf() operation(s). Recommend moving them to RAM during run time or not using as these are processing/power intensive
"../Lab01_P2.c", line 110: remark #1532-D: (ULP 5.3) Detected printf() operation(s). Recommend moving them to RAM during run time or not using as these are processing/power intensive
"../Lab01_P2.c", line 111: remark #1544-D: (ULP 13.1) Detected loop counting up. Recommend loops count down as detecting zeros is easier
"../Lab01_P2.c", line 113: remark #1532-D: (ULP 5.3) Detected printf() operation(s). Recommend moving them to RAM during run time or not using as these are processing/power intensive
"../Lab01_P2.c", line 113: remark #2553-D: (ULP 14.1) Array index (involving "i") of type "int". Recommend using "unsigned int"
"../Lab01_P2.c", line 116: remark #1532-D: (ULP 5.3) Detected printf() operation(s). Recommend moving them to RAM during run time or not using as these are processing/power intensive
Finished building: "../Lab01_P2.c"
 
Building target: "lab1_pt2.out"
Invoking: MSP430 Linker
"C:/ti/ccs1240/ccs/tools/compiler/ti-cgt-msp430_21.6.1.LTS/bin/cl430" -vmsp --data_model=small -Ooff --use_hw_mpy=F5 --advice:power=all --define=__MSP430F5529__ -g --printf_support=full --diag_warning=225 --diag_wrap=off --display_error_number --silicon_errata=CPU21 --silicon_errata=CPU22 --silicon_errata=CPU23 --silicon_errata=CPU40 --asm_listing -z -m"lab1_pt2.map" --heap_size=300 --stack_size=160 --cinit_hold_wdt=on -i"C:/ti/ccs1240/ccs/ccs_base/msp430/include" -i"C:/ti/ccs1240/ccs/ccs_base/msp430/lib/5xx_6xx_FRxx" -i"C:/ti/ccs1240/ccs/tools/compiler/ti-cgt-msp430_21.6.1.LTS/lib" -i"C:/ti/ccs1240/ccs/tools/compiler/ti-cgt-msp430_21.6.1.LTS/include" --reread_libs --diag_wrap=off --display_error_number --warn_sections --xml_link_info="lab1_pt2_linkInfo.xml" --use_hw_mpy=F5 --rom_model -o "lab1_pt2.out" "./Lab01_P2.obj" "../lnk_msp430f5529.cmd"  -llibmath.a -llibc.a 
<Linking>
warning #10204-D: could not resolve index library "libmath.a" to a compatible library
remark #10371-D: (ULP 1.1) Detected no uses of low power mode state changing instructions
remark #10372-D: (ULP 4.1) Detected uninitialized Port A in this project. Recommend initializing all unused ports to eliminate wasted current consumption on unused pins.
remark #10372-D: (ULP 4.1) Detected uninitialized Port B in this project. Recommend initializing all unused ports to eliminate wasted current consumption on unused pins.
remark #10372-D: (ULP 4.1) Detected uninitialized Port C in this project. Recommend initializing all unused ports to eliminate wasted current consumption on unused pins.
remark #10372-D: (ULP 4.1) Detected uninitialized Port D in this project. Recommend initializing all unused ports to eliminate wasted current consumption on unused pins.
Finished building target: "lab1_pt2.out"
 

**** Build Finished ****
